-------------------------------------------------------------------------------
Test set: app.ApplicationTest
-------------------------------------------------------------------------------
Tests run: 1, Failures: 0, Errors: 1, Skipped: 0, Time elapsed: 0.302 s <<< FAILURE! - in app.ApplicationTest
initializationError(app.ApplicationTest)  Time elapsed: 0.009 s  <<< ERROR!
java.lang.Exception: No runnable methods

